<?xml version="1.0" encoding="UTF-8"?>
<testsuite xmlns:xsi="http://www.w3.org/2001/XMLSchema-instance" xsi:noNamespaceSchemaLocation="https://maven.apache.org/surefire/maven-surefire-plugin/xsd/surefire-test-report-3.0.xsd" version="3.0" name="com.rautomates.cc.currencyconversion.CurrencyConversionApplicationTests" time="18.002" tests="1" errors="0" skipped="0" failures="0">
  <properties>
[...]
</properties>
  <testcase name="contextLoads" classname="com.rautomates.cc.currencyconversion.CurrencyConversionApplicationTests" time="0.285">
    <system-out><![CDATA[16:59:26.629 [main] DEBUG org.springframework.test.context.junit4.SpringJUnit4ClassRunner - SpringJUnit4ClassRunner constructor called with [class com.rautomates.cc.currencyconversion.CurrencyConversionApplicationTests]
16:59:26.652 [main] DEBUG org.springframework.test.context.BootstrapUtils - Instantiating CacheAwareContextLoaderDelegate from class [org.springframework.test.context.cache.DefaultCacheAwareContextLoaderDelegate]
16:59:26.702 [main] DEBUG org.springframework.test.context.BootstrapUtils - Instantiating BootstrapContext using constructor [public org.springframework.test.context.support.DefaultBootstrapContext(java.lang.Class,org.springframework.test.context.CacheAwareContextLoaderDelegate)]
16:59:26.827 [main] DEBUG org.springframework.test.context.BootstrapUtils - Instantiating TestContextBootstrapper for test class [com.rautomates.cc.currencyconversion.CurrencyConversionApplicationTests] from class [org.springframework.boot.test.context.SpringBootTestContextBootstrapper]
16:59:26.934 [main] INFO org.springframework.boot.test.context.SpringBootTestContextBootstrapper - Neither @ContextConfiguration nor @ContextHierarchy found for test class [com.rautomates.cc.currencyconversion.CurrencyConversionApplicationTests], using SpringBootContextLoader
16:59:26.958 [main] DEBUG org.springframework.test.context.support.AbstractContextLoader - Did not detect default resource location for test class [com.rautomates.cc.currencyconversion.CurrencyConversionApplicationTests]: class path resource [com/rautomates/cc/currencyconversion/CurrencyConversionApplicationTests-context.xml] does not exist
16:59:26.960 [main] DEBUG org.springframework.test.context.support.AbstractContextLoader - Did not detect default resource location for test class [com.rautomates.cc.currencyconversion.CurrencyConversionApplicationTests]: class path resource [com/rautomates/cc/currencyconversion/CurrencyConversionApplicationTestsContext.groovy] does not exist
16:59:26.961 [main] INFO org.springframework.test.context.support.AbstractContextLoader - Could not detect default resource locations for test class [com.rautomates.cc.currencyconversion.CurrencyConversionApplicationTests]: no resource found for suffixes {-context.xml, Context.groovy}.
16:59:26.969 [main] INFO org.springframework.test.context.support.AnnotationConfigContextLoaderUtils - Could not detect default configuration classes for test class [com.rautomates.cc.currencyconversion.CurrencyConversionApplicationTests]: CurrencyConversionApplicationTests does not declare any static, non-private, non-final, nested classes annotated with @Configuration.
16:59:27.216 [main] DEBUG org.springframework.test.context.support.ActiveProfilesUtils - Could not find an 'annotation declaring class' for annotation type [org.springframework.test.context.ActiveProfiles] and class [com.rautomates.cc.currencyconversion.CurrencyConversionApplicationTests]
16:59:27.347 [main] DEBUG org.springframework.core.env.StandardEnvironment - Adding PropertySource 'systemProperties' with lowest search precedence
16:59:27.356 [main] DEBUG org.springframework.core.env.StandardEnvironment - Adding PropertySource 'systemEnvironment' with lowest search precedence
16:59:27.363 [main] DEBUG org.springframework.core.env.StandardEnvironment - Initialized StandardEnvironment with PropertySources [MapPropertySource@1976166251 {name='systemProperties', properties={java.specification.version=17, sun.cpu.isalist=amd64, sun.jnu.encoding=Cp1252, java.class.path=D:\Gitrepos\currapp\target\test-classes;D:\Gitrepos\currapp\target\classes;C:\Users\2000108800\.m2\repository\org\springframework\boot\spring-boot-starter-thymeleaf\1.5.9.RELEASE\spring-boot-starter-thymeleaf-1.5.9.RELEASE.jar;C:\Users\2000108800\.m2\repository\org\springframework\boot\spring-boot-starter\1.5.9.RELEASE\spring-boot-starter-1.5.9.RELEASE.jar;C:\Users\2000108800\.m2\repository\org\springframework\boot\spring-boot\1.5.9.RELEASE\spring-boot-1.5.9.RELEASE.jar;C:\Users\2000108800\.m2\repository\org\springframework\spring-context\4.3.13.RELEASE\spring-context-4.3.13.RELEASE.jar;C:\Users\2000108800\.m2\repository\org\springframework\boot\spring-boot-autoconfigure\1.5.9.RELEASE\spring-boot-autoconfigure-1.5.9.RELEASE.jar;C:\Users\2000108800\.m2\repository\org\springframework\boot\spring-boot-starter-logging\1.5.9.RELEASE\spring-boot-starter-logging-1.5.9.RELEASE.jar;C:\Users\2000108800\.m2\repository\ch\qos\logback\logback-classic\1.1.11\logback-classic-1.1.11.jar;C:\Users\2000108800\.m2\repository\ch\qos\logback\logback-core\1.1.11\logback-core-1.1.11.jar;C:\Users\2000108800\.m2\repository\org\slf4j\jcl-over-slf4j\1.7.25\jcl-over-slf4j-1.7.25.jar;C:\Users\2000108800\.m2\repository\org\slf4j\jul-to-slf4j\1.7.25\jul-to-slf4j-1.7.25.jar;C:\Users\2000108800\.m2\repository\org\slf4j\log4j-over-slf4j\1.7.25\log4j-over-slf4j-1.7.25.jar;C:\Users\2000108800\.m2\repository\org\yaml\snakeyaml\1.17\snakeyaml-1.17.jar;C:\Users\2000108800\.m2\repository\org\springframework\boot\spring-boot-starter-web\1.5.9.RELEASE\spring-boot-starter-web-1.5.9.RELEASE.jar;C:\Users\2000108800\.m2\repository\org\hibernate\hibernate-validator\5.3.6.Final\hibernate-validator-5.3.6.Final.jar;C:\Users\2000108800\.m2\repository\javax\validation\validation-api\1.1.0.Final\validation-api-1.1.0.Final.jar;C:\Users\2000108800\.m2\repository\org\jboss\logging\jboss-logging\3.3.1.Final\jboss-logging-3.3.1.Final.jar;C:\Users\2000108800\.m2\repository\com\fasterxml\classmate\1.3.4\classmate-1.3.4.jar;C:\Users\2000108800\.m2\repository\com\fasterxml\jackson\core\jackson-databind\2.8.10\jackson-databind-2.8.10.jar;C:\Users\2000108800\.m2\repository\com\fasterxml\jackson\core\jackson-annotations\2.8.0\jackson-annotations-2.8.0.jar;C:\Users\2000108800\.m2\repository\com\fasterxml\jackson\core\jackson-core\2.8.10\jackson-core-2.8.10.jar;C:\Users\2000108800\.m2\repository\org\springframework\spring-web\4.3.13.RELEASE\spring-web-4.3.13.RELEASE.jar;C:\Users\2000108800\.m2\repository\org\springframework\spring-aop\4.3.13.RELEASE\spring-aop-4.3.13.RELEASE.jar;C:\Users\2000108800\.m2\repository\org\springframework\spring-beans\4.3.13.RELEASE\spring-beans-4.3.13.RELEASE.jar;C:\Users\2000108800\.m2\repository\org\springframework\spring-webmvc\4.3.13.RELEASE\spring-webmvc-4.3.13.RELEASE.jar;C:\Users\2000108800\.m2\repository\org\springframework\spring-expression\4.3.13.RELEASE\spring-expression-4.3.13.RELEASE.jar;C:\Users\2000108800\.m2\repository\org\thymeleaf\thymeleaf-spring4\2.1.6.RELEASE\thymeleaf-spring4-2.1.6.RELEASE.jar;C:\Users\2000108800\.m2\repository\org\thymeleaf\thymeleaf\2.1.6.RELEASE\thymeleaf-2.1.6.RELEASE.jar;C:\Users\2000108800\.m2\repository\ognl\ognl\3.0.8\ognl-3.0.8.jar;C:\Users\2000108800\.m2\repository\org\javassist\javassist\3.21.0-GA\javassist-3.21.0-GA.jar;C:\Users\2000108800\.m2\repository\org\unbescape\unbescape\1.1.0.RELEASE\unbescape-1.1.0.RELEASE.jar;C:\Users\2000108800\.m2\repository\org\slf4j\slf4j-api\1.7.25\slf4j-api-1.7.25.jar;C:\Users\2000108800\.m2\repository\nz\net\ultraq\thymeleaf\thymeleaf-layout-dialect\1.4.0\thymeleaf-layout-dialect-1.4.0.jar;C:\Users\2000108800\.m2\repository\org\codehaus\groovy\groovy\2.4.13\groovy-2.4.13.jar;C:\Users\2000108800\.m2\repository\org\springframework\boot\spring-boot-starter-test\1.5.9.RELEASE\spring-boot-starter-test-1.5.9.RELEASE.jar;C:\Users\2000108800\.m2\repository\org\springframework\boot\spring-boot-test\1.5.9.RELEASE\spring-boot-test-1.5.9.RELEASE.jar;C:\Users\2000108800\.m2\repository\org\springframework\boot\spring-boot-test-autoconfigure\1.5.9.RELEASE\spring-boot-test-autoconfigure-1.5.9.RELEASE.jar;C:\Users\2000108800\.m2\repository\com\jayway\jsonpath\json-path\2.2.0\json-path-2.2.0.jar;C:\Users\2000108800\.m2\repository\net\minidev\json-smart\2.2.1\json-smart-2.2.1.jar;C:\Users\2000108800\.m2\repository\net\minidev\accessors-smart\1.1\accessors-smart-1.1.jar;C:\Users\2000108800\.m2\repository\junit\junit\4.12\junit-4.12.jar;C:\Users\2000108800\.m2\repository\org\assertj\assertj-core\2.6.0\assertj-core-2.6.0.jar;C:\Users\2000108800\.m2\repository\org\mockito\mockito-core\1.10.19\mockito-core-1.10.19.jar;C:\Users\2000108800\.m2\repository\org\objenesis\objenesis\2.1\objenesis-2.1.jar;C:\Users\2000108800\.m2\repository\org\hamcrest\hamcrest-core\1.3\hamcrest-core-1.3.jar;C:\Users\2000108800\.m2\repository\org\hamcrest\hamcrest-library\1.3\hamcrest-library-1.3.jar;C:\Users\2000108800\.m2\repository\org\skyscreamer\jsonassert\1.4.0\jsonassert-1.4.0.jar;C:\Users\2000108800\.m2\repository\com\vaadin\external\google\android-json\0.0.20131108.vaadin1\android-json-0.0.20131108.vaadin1.jar;C:\Users\2000108800\.m2\repository\org\springframework\spring-core\4.3.13.RELEASE\spring-core-4.3.13.RELEASE.jar;C:\Users\2000108800\.m2\repository\org\springframework\spring-test\4.3.13.RELEASE\spring-test-4.3.13.RELEASE.jar;C:\Users\2000108800\.m2\repository\com\google\code\gson\gson\2.8.2\gson-2.8.2.jar;C:\Users\2000108800\.m2\repository\com\google\guava\guava\23.5-jre\guava-23.5-jre.jar;C:\Users\2000108800\.m2\repository\com\google\code\findbugs\jsr305\1.3.9\jsr305-1.3.9.jar;C:\Users\2000108800\.m2\repository\org\checkerframework\checker-qual\2.0.0\checker-qual-2.0.0.jar;C:\Users\2000108800\.m2\repository\com\google\errorprone\error_prone_annotations\2.0.18\error_prone_annotations-2.0.18.jar;C:\Users\2000108800\.m2\repository\com\google\j2objc\j2objc-annotations\1.1\j2objc-annotations-1.1.jar;C:\Users\2000108800\.m2\repository\org\codehaus\mojo\animal-sniffer-annotations\1.14\animal-sniffer-annotations-1.14.jar;C:\Users\2000108800\.m2\repository\org\webjars\bootstrap\3.3.6\bootstrap-3.3.6.jar;C:\Users\2000108800\.m2\repository\org\webjars\jquery\2.1.4\jquery-2.1.4.jar;C:\Users\2000108800\.m2\repository\org\springframework\boot\spring-boot-starter-tomcat\1.5.9.RELEASE\spring-boot-starter-tomcat-1.5.9.RELEASE.jar;C:\Users\2000108800\.m2\repository\org\apache\tomcat\embed\tomcat-embed-core\8.5.23\tomcat-embed-core-8.5.23.jar;C:\Users\2000108800\.m2\repository\org\apache\tomcat\tomcat-annotations-api\8.5.23\tomcat-annotations-api-8.5.23.jar;C:\Users\2000108800\.m2\repository\org\apache\tomcat\embed\tomcat-embed-el\8.5.23\tomcat-embed-el-8.5.23.jar;C:\Users\2000108800\.m2\repository\org\apache\tomcat\embed\tomcat-embed-websocket\8.5.23\tomcat-embed-websocket-8.5.23.jar;C:\Users\2000108800\.m2\repository\org\jacoco\jacoco-maven-plugin\0.8.11\jacoco-maven-plugin-0.8.11.jar;C:\Users\2000108800\.m2\repository\org\codehaus\plexus\plexus-utils\3.0.24\plexus-utils-3.0.24.jar;C:\Users\2000108800\.m2\repository\org\apache\maven\shared\file-management\3.1.0\file-management-3.1.0.jar;C:\Users\2000108800\.m2\repository\commons-io\commons-io\2.11.0\commons-io-2.11.0.jar;C:\Users\2000108800\.m2\repository\org\apache\maven\reporting\maven-reporting-api\3.0\maven-reporting-api-3.0.jar;C:\Users\2000108800\.m2\repository\org\apache\maven\doxia\doxia-sink-api\1.0\doxia-sink-api-1.0.jar;C:\Users\2000108800\.m2\repository\org\jacoco\org.jacoco.agent\0.8.11\org.jacoco.agent-0.8.11-runtime.jar;C:\Users\2000108800\.m2\repository\org\jacoco\org.jacoco.core\0.8.11\org.jacoco.core-0.8.11.jar;C:\Users\2000108800\.m2\repository\org\ow2\asm\asm\9.6\asm-9.6.jar;C:\Users\2000108800\.m2\repository\org\ow2\asm\asm-commons\9.6\asm-commons-9.6.jar;C:\Users\2000108800\.m2\repository\org\ow2\asm\asm-tree\9.6\asm-tree-9.6.jar;C:\Users\2000108800\.m2\repository\org\jacoco\org.jacoco.report\0.8.11\org.jacoco.report-0.8.11.jar;, java.vm.vendor=OpenLogic, sun.arch.data.model=64, user.variant=, java.vendor.url=https://openlogic.com/, user.timezone=Asia/Calcutta, java.vm.specification.version=17, os.name=Windows 11, sun.java.launcher=SUN_STANDARD, user.country=US, sun.boot.library.path=C:\Program Files\OpenLogic\jdk-17.0.16.8-hotspot\bin, sun.java.command=C:\Users\2000108800\AppData\Local\Temp\surefire1981142878354948240\surefirebooter-20250819165922751_3.jar C:\Users\2000108800\AppData\Local\Temp\surefire1981142878354948240 2025-08-19T16-59-21_974-jvmRun1 surefire-20250819165922751_1tmp surefire_0-20250819165922751_2tmp, jdk.debug=release, surefire.test.class.path=D:\Gitrepos\currapp\target\test-classes;D:\Gitrepos\currapp\target\classes;C:\Users\2000108800\.m2\repository\org\springframework\boot\spring-boot-starter-thymeleaf\1.5.9.RELEASE\spring-boot-starter-thymeleaf-1.5.9.RELEASE.jar;C:\Users\2000108800\.m2\repository\org\springframework\boot\spring-boot-starter\1.5.9.RELEASE\spring-boot-starter-1.5.9.RELEASE.jar;C:\Users\2000108800\.m2\repository\org\springframework\boot\spring-boot\1.5.9.RELEASE\spring-boot-1.5.9.RELEASE.jar;C:\Users\2000108800\.m2\repository\org\springframework\spring-context\4.3.13.RELEASE\spring-context-4.3.13.RELEASE.jar;C:\Users\2000108800\.m2\repository\org\springframework\boot\spring-boot-autoconfigure\1.5.9.RELEASE\spring-boot-autoconfigure-1.5.9.RELEASE.jar;C:\Users\2000108800\.m2\repository\org\springframework\boot\spring-boot-starter-logging\1.5.9.RELEASE\spring-boot-starter-logging-1.5.9.RELEASE.jar;C:\Users\2000108800\.m2\repository\ch\qos\logback\logback-classic\1.1.11\logback-classic-1.1.11.jar;C:\Users\2000108800\.m2\repository\ch\qos\logback\logback-core\1.1.11\logback-core-1.1.11.jar;C:\Users\2000108800\.m2\repository\org\slf4j\jcl-over-slf4j\1.7.25\jcl-over-slf4j-1.7.25.jar;C:\Users\2000108800\.m2\repository\org\slf4j\jul-to-slf4j\1.7.25\jul-to-slf4j-1.7.25.jar;C:\Users\2000108800\.m2\repository\org\slf4j\log4j-over-slf4j\1.7.25\log4j-over-slf4j-1.7.25.jar;C:\Users\2000108800\.m2\repository\org\yaml\snakeyaml\1.17\snakeyaml-1.17.jar;C:\Users\2000108800\.m2\repository\org\springframework\boot\spring-boot-starter-web\1.5.9.RELEASE\spring-boot-starter-web-1.5.9.RELEASE.jar;C:\Users\2000108800\.m2\repository\org\hibernate\hibernate-validator\5.3.6.Final\hibernate-validator-5.3.6.Final.jar;C:\Users\2000108800\.m2\repository\javax\validation\validation-api\1.1.0.Final\validation-api-1.1.0.Final.jar;C:\Users\2000108800\.m2\repository\org\jboss\logging\jboss-logging\3.3.1.Final\jboss-logging-3.3.1.Final.jar;C:\Users\2000108800\.m2\repository\com\fasterxml\classmate\1.3.4\classmate-1.3.4.jar;C:\Users\2000108800\.m2\repository\com\fasterxml\jackson\core\jackson-databind\2.8.10\jackson-databind-2.8.10.jar;C:\Users\2000108800\.m2\repository\com\fasterxml\jackson\core\jackson-annotations\2.8.0\jackson-annotations-2.8.0.jar;C:\Users\2000108800\.m2\repository\com\fasterxml\jackson\core\jackson-core\2.8.10\jackson-core-2.8.10.jar;C:\Users\2000108800\.m2\repository\org\springframework\spring-web\4.3.13.RELEASE\spring-web-4.3.13.RELEASE.jar;C:\Users\2000108800\.m2\repository\org\springframework\spring-aop\4.3.13.RELEASE\spring-aop-4.3.13.RELEASE.jar;C:\Users\2000108800\.m2\repository\org\springframework\spring-beans\4.3.13.RELEASE\spring-beans-4.3.13.RELEASE.jar;C:\Users\2000108800\.m2\repository\org\springframework\spring-webmvc\4.3.13.RELEASE\spring-webmvc-4.3.13.RELEASE.jar;C:\Users\2000108800\.m2\repository\org\springframework\spring-expression\4.3.13.RELEASE\spring-expression-4.3.13.RELEASE.jar;C:\Users\2000108800\.m2\repository\org\thymeleaf\thymeleaf-spring4\2.1.6.RELEASE\thymeleaf-spring4-2.1.6.RELEASE.jar;C:\Users\2000108800\.m2\repository\org\thymeleaf\thymeleaf\2.1.6.RELEASE\thymeleaf-2.1.6.RELEASE.jar;C:\Users\2000108800\.m2\repository\ognl\ognl\3.0.8\ognl-3.0.8.jar;C:\Users\2000108800\.m2\repository\org\javassist\javassist\3.21.0-GA\javassist-3.21.0-GA.jar;C:\Users\2000108800\.m2\repository\org\unbescape\unbescape\1.1.0.RELEASE\unbescape-1.1.0.RELEASE.jar;C:\Users\2000108800\.m2\repository\org\slf4j\slf4j-api\1.7.25\slf4j-api-1.7.25.jar;C:\Users\2000108800\.m2\repository\nz\net\ultraq\thymeleaf\thymeleaf-layout-dialect\1.4.0\thymeleaf-layout-dialect-1.4.0.jar;C:\Users\2000108800\.m2\repository\org\codehaus\groovy\groovy\2.4.13\groovy-2.4.13.jar;C:\Users\2000108800\.m2\repository\org\springframework\boot\spring-boot-starter-test\1.5.9.RELEASE\spring-boot-starter-test-1.5.9.RELEASE.jar;C:\Users\2000108800\.m2\repository\org\springframework\boot\spring-boot-test\1.5.9.RELEASE\spring-boot-test-1.5.9.RELEASE.jar;C:\Users\2000108800\.m2\repository\org\springframework\boot\spring-boot-test-autoconfigure\1.5.9.RELEASE\spring-boot-test-autoconfigure-1.5.9.RELEASE.jar;C:\Users\2000108800\.m2\repository\com\jayway\jsonpath\json-path\2.2.0\json-path-2.2.0.jar;C:\Users\2000108800\.m2\repository\net\minidev\json-smart\2.2.1\json-smart-2.2.1.jar;C:\Users\2000108800\.m2\repository\net\minidev\accessors-smart\1.1\accessors-smart-1.1.jar;C:\Users\2000108800\.m2\repository\junit\junit\4.12\junit-4.12.jar;C:\Users\2000108800\.m2\repository\org\assertj\assertj-core\2.6.0\assertj-core-2.6.0.jar;C:\Users\2000108800\.m2\repository\org\mockito\mockito-core\1.10.19\mockito-core-1.10.19.jar;C:\Users\2000108800\.m2\repository\org\objenesis\objenesis\2.1\objenesis-2.1.jar;C:\Users\2000108800\.m2\repository\org\hamcrest\hamcrest-core\1.3\hamcrest-core-1.3.jar;C:\Users\2000108800\.m2\repository\org\hamcrest\hamcrest-library\1.3\hamcrest-library-1.3.jar;C:\Users\2000108800\.m2\repository\org\skyscreamer\jsonassert\1.4.0\jsonassert-1.4.0.jar;C:\Users\2000108800\.m2\repository\com\vaadin\external\google\android-json\0.0.20131108.vaadin1\android-json-0.0.20131108.vaadin1.jar;C:\Users\2000108800\.m2\repository\org\springframework\spring-core\4.3.13.RELEASE\spring-core-4.3.13.RELEASE.jar;C:\Users\2000108800\.m2\repository\org\springframework\spring-test\4.3.13.RELEASE\spring-test-4.3.13.RELEASE.jar;C:\Users\2000108800\.m2\repository\com\google\code\gson\gson\2.8.2\gson-2.8.2.jar;C:\Users\2000108800\.m2\repository\com\google\guava\guava\23.5-jre\guava-23.5-jre.jar;C:\Users\2000108800\.m2\repository\com\google\code\findbugs\jsr305\1.3.9\jsr305-1.3.9.jar;C:\Users\2000108800\.m2\repository\org\checkerframework\checker-qual\2.0.0\checker-qual-2.0.0.jar;C:\Users\2000108800\.m2\repository\com\google\errorprone\error_prone_annotations\2.0.18\error_prone_annotations-2.0.18.jar;C:\Users\2000108800\.m2\repository\com\google\j2objc\j2objc-annotations\1.1\j2objc-annotations-1.1.jar;C:\Users\2000108800\.m2\repository\org\codehaus\mojo\animal-sniffer-annotations\1.14\animal-sniffer-annotations-1.14.jar;C:\Users\2000108800\.m2\repository\org\webjars\bootstrap\3.3.6\bootstrap-3.3.6.jar;C:\Users\2000108800\.m2\repository\org\webjars\jquery\2.1.4\jquery-2.1.4.jar;C:\Users\2000108800\.m2\repository\org\springframework\boot\spring-boot-starter-tomcat\1.5.9.RELEASE\spring-boot-starter-tomcat-1.5.9.RELEASE.jar;C:\Users\2000108800\.m2\repository\org\apache\tomcat\embed\tomcat-embed-core\8.5.23\tomcat-embed-core-8.5.23.jar;C:\Users\2000108800\.m2\repository\org\apache\tomcat\tomcat-annotations-api\8.5.23\tomcat-annotations-api-8.5.23.jar;C:\Users\2000108800\.m2\repository\org\apache\tomcat\embed\tomcat-embed-el\8.5.23\tomcat-embed-el-8.5.23.jar;C:\Users\2000108800\.m2\repository\org\apache\tomcat\embed\tomcat-embed-websocket\8.5.23\tomcat-embed-websocket-8.5.23.jar;C:\Users\2000108800\.m2\repository\org\jacoco\jacoco-maven-plugin\0.8.11\jacoco-maven-plugin-0.8.11.jar;C:\Users\2000108800\.m2\repository\org\codehaus\plexus\plexus-utils\3.0.24\plexus-utils-3.0.24.jar;C:\Users\2000108800\.m2\repository\org\apache\maven\shared\file-management\3.1.0\file-management-3.1.0.jar;C:\Users\2000108800\.m2\repository\commons-io\commons-io\2.11.0\commons-io-2.11.0.jar;C:\Users\2000108800\.m2\repository\org\apache\maven\reporting\maven-reporting-api\3.0\maven-reporting-api-3.0.jar;C:\Users\2000108800\.m2\repository\org\apache\maven\doxia\doxia-sink-api\1.0\doxia-sink-api-1.0.jar;C:\Users\2000108800\.m2\repository\org\jacoco\org.jacoco.agent\0.8.11\org.jacoco.agent-0.8.11-runtime.jar;C:\Users\2000108800\.m2\repository\org\jacoco\org.jacoco.core\0.8.11\org.jacoco.core-0.8.11.jar;C:\Users\2000108800\.m2\repository\org\ow2\asm\asm\9.6\asm-9.6.jar;C:\Users\2000108800\.m2\repository\org\ow2\asm\asm-commons\9.6\asm-commons-9.6.jar;C:\Users\2000108800\.m2\repository\org\ow2\asm\asm-tree\9.6\asm-tree-9.6.jar;C:\Users\2000108800\.m2\repository\org\jacoco\org.jacoco.report\0.8.11\org.jacoco.report-0.8.11.jar;, sun.cpu.endian=little, user.home=C:\Users\2000108800, user.language=en, java.specification.vendor=Oracle Corporation, java.version.date=2025-07-15, java.home=C:\Program Files\OpenLogic\jdk-17.0.16.8-hotspot, file.separator=\, basedir=D:\Gitrepos\currapp, java.vm.compressedOopsMode=Zero based, line.separator=
, java.vm.specification.vendor=Oracle Corporation, java.specification.name=Java Platform API Specification, surefire.real.class.path=C:\Users\2000108800\AppData\Local\Temp\surefire1981142878354948240\surefirebooter-20250819165922751_3.jar, user.script=, sun.management.compiler=HotSpot 64-Bit Tiered Compilers, java.runtime.version=17.0.16+8-adhoc..jdk17u, user.name=2000108800, path.separator=;, os.version=10.0, java.runtime.name=OpenJDK Runtime Environment, file.encoding=Cp1252, java.vm.name=OpenJDK 64-Bit Server VM, java.vendor.version=OpenLogic-OpenJDK, localRepository=C:\Users\2000108800\.m2\repository, java.vendor.url.bug=https://techsupport.roguewave.com/, java.io.tmpdir=C:\Users\200010~1\AppData\Local\Temp\, java.version=17.0.16, user.dir=D:\Gitrepos\currapp, os.arch=amd64, java.vm.specification.name=Java Virtual Machine Specification, sun.os.patch.level=, native.encoding=Cp1252, java.library.path=C:\Program Files\OpenLogic\jdk-17.0.16.8-hotspot\bin;C:\WINDOWS\Sun\Java\bin;C:\WINDOWS\system32;C:\WINDOWS;C:\Users\2000108800\bin;C:\Programs\Git\mingw64\bin;C:\Programs\Git\usr\local\bin;C:\Programs\Git\usr\bin;C:\Programs\Git\usr\bin;C:\Programs\Git\mingw64\bin;C:\Programs\Git\usr\bin;C:\Users\2000108800\bin;C:\Program Files\OpenLogic\jdk-17.0.16.8-hotspot\bin;C:\WINDOWS\system32;C:\WINDOWS;C:\WINDOWS\System32\Wbem;C:\WINDOWS\System32\WindowsPowerShell\v1.0;C:\WINDOWS\System32\OpenSSH;C:\Programs\apache-maven-3.9.11\bin;C:\Users\2000108800\AppData\Local\Microsoft\WindowsApps;C:\Programs\Git\cmd;C:\Programs\Git\usr\bin\vendor_perl;C:\Programs\Git\usr\bin\core_perl;., java.vm.info=mixed mode, sharing, java.vendor=OpenLogic, java.vm.version=17.0.16+8-adhoc..jdk17u, java.specification.maintenance.version=1, sun.io.unicode.encoding=UnicodeLittle, java.class.version=61.0}}, SystemEnvironmentPropertySource@1950800085 {name='systemEnvironment', properties={PATH=C:\Users\2000108800\bin;C:\Programs\Git\mingw64\bin;C:\Programs\Git\usr\local\bin;C:\Programs\Git\usr\bin;C:\Programs\Git\usr\bin;C:\Programs\Git\mingw64\bin;C:\Programs\Git\usr\bin;C:\Users\2000108800\bin;C:\Program Files\OpenLogic\jdk-17.0.16.8-hotspot\bin;C:\WINDOWS\system32;C:\WINDOWS;C:\WINDOWS\System32\Wbem;C:\WINDOWS\System32\WindowsPowerShell\v1.0;C:\WINDOWS\System32\OpenSSH;C:\Programs\apache-maven-3.9.11\bin;C:\Users\2000108800\AppData\Local\Microsoft\WindowsApps;C:\Programs\Git\cmd;C:\Programs\Git\usr\bin\vendor_perl;C:\Programs\Git\usr\bin\core_perl, USERDOMAIN_ROAMINGPROFILE=CORP, PKG_CONFIG_PATH=C:\Programs\Git\mingw64\lib\pkgconfig;C:\Programs\Git\mingw64\share\pkgconfig, MSYSTEM_PREFIX=C:/Programs/Git/mingw64, PROCESSOR_LEVEL=6, SYSTEMDRIVE=C:, CONFIG_SITE=C:/Programs/Git/etc/config.site, SESSIONNAME=Console, ALLUSERSPROFILE=C:\ProgramData, PROCESSOR_ARCHITECTURE=AMD64, DRIVERDATA=C:\Windows\System32\Drivers\DriverData, MSYSTEM_CHOST=x86_64-w64-mingw32, ORIGINAL_TEMP=C:/Users/200010~1/AppData/Local/Temp, PROGRAMFILES=C:\Program Files, __PSLOCKDOWNPOLICY=0, EFC_12800=1, PSMODULEPATH=C:\Program Files\WindowsPowerShell\Modules;C:\WINDOWS\system32\WindowsPowerShell\v1.0\Modules, PROGRAMDATA=C:\ProgramData, USERNAME=2000108800, USERDNSDOMAIN=CORP.HEXAWARE.COM, PWD=D:/Gitrepos/currapp, TERM_PROGRAM_VERSION=3.6.3, INFOPATH=C:\Programs\Git\mingw64\local\info;C:\Programs\Git\mingw64\share\info;C:\Programs\Git\usr\local\info;C:\Programs\Git\usr\share\info;C:\Programs\Git\usr\info;C:\Programs\Git\share\info, PKG_CONFIG_SYSTEM_INCLUDE_PATH=C:/Programs/Git/mingw64/include, FPS_BROWSER_USER_PROFILE_STRING=Default, ONEDRIVE=C:\Users\2000108800\OneDrive - Hexaware Technologies, PATHEXT=.COM;.EXE;.BAT;.CMD;.VBS;.VBE;.JS;.JSE;.WSF;.WSH;.MSC, SHELL=C:\Programs\Git\usr\bin\bash.exe, BPPDOMAIN_MANAGER_ASM=EdrDotNet, Version+158.0.0.0, Culture+neutral, PublicKeyToken+da1b3922653ea916, ORIGINAL_TMP=C:/Users/200010~1/AppData/Local/Temp, OLDPWD=D:/Gitrepos/currapp, TMPDIR=C:\Users\200010~1\AppData\Local\Temp, WINDIR=C:\WINDOWS, SSH_ASKPASS=C:/Programs/Git/mingw64/bin/git-askpass.exe, HOMEPATH=\Users\2000108800, PROCESSOR_IDENTIFIER=Intel64 Family 6 Model 140 Stepping 1, GenuineIntel, PUBLIC=C:\Users\Public, MINGW_CHOST=x86_64-w64-mingw32, LC_CTYPE=en_US.UTF-8, =::=::\, EXEPATH=C:\Programs\Git, SHLVL=1, ZES_ENABLE_SYSMAN=1, LOCALAPPDATA=C:\Users\2000108800\AppData\Local, ORIGINAL_PATH=C:\Programs\Git\mingw64\bin;C:\Programs\Git\usr\bin;C:\Users\2000108800\bin;C:\Program Files\OpenLogic\jdk-17.0.16.8-hotspot\bin;C:\WINDOWS\system32;C:\WINDOWS;C:\WINDOWS\System32\Wbem;C:\WINDOWS\System32\WindowsPowerShell\v1.0;C:\WINDOWS\System32\OpenSSH;C:\Programs\apache-maven-3.9.11\bin;C:\Users\2000108800\AppData\Local\Microsoft\WindowsApps;C:\Programs\Git\cmd, MANPATH=C:\Programs\Git\mingw64\local\man;C:\Programs\Git\mingw64\share\man;C:\Programs\Git\usr\local\man;C:\Programs\Git\usr\share\man;C:\Programs\Git\usr\man;C:\Programs\Git\share\man, COMMONPROGRAMFILES(X86)=C:\Program Files (x86)\Common Files, MINGW_PACKAGE_PREFIX=mingw-w64-x86_64, USERDOMAIN=CORP, FPS_BROWSER_APP_PROFILE_STRING=Internet Explorer, LOGONSERVER=\\CCH1WPDC07, JAVA_HOME=C:/Program Files/OpenLogic/jdk-17.0.16.8-hotspot, PLINK_PROTOCOL=ssh, PROMPT=$P$G, PROGRAMFILES(X86)=C:\Program Files (x86), TERM=xterm, MINGW_PREFIX=C:/Programs/Git/mingw64, BPPDOMAIN_MANAGER_TYPE=EdrDotNet.EdrAppDomainManager, DISPLAY=needs-to-be-defined, MSYSTEM=MINGW64, APPDATA=C:\Users\2000108800\AppData\Roaming, PROGRAMW6432=C:\Program Files, SYSTEMROOT=C:\WINDOWS, MAVEN_CMD_LINE_ARGS= package, OS=Windows_NT, ONEDRIVECOMMERCIAL=C:\Users\2000108800\OneDrive - Hexaware Technologies, TERM_PROGRAM=mintty, COMMONPROGRAMW6432=C:\Program Files\Common Files, COMPUTERNAME=LTCH-5CD1496JJP, COMMONPROGRAMFILES=C:\Program Files\Common Files, COMSPEC=C:\WINDOWS\system32\cmd.exe, MAVEN_PROJECTBASEDIR=D:/Gitrepos/currapp, PROCESSOR_REVISION=8c01, ACLOCAL_PATH=C:\Programs\Git\mingw64\share\aclocal;C:\Programs\Git\usr\share\aclocal, UATDATA=C:\WINDOWS\CCM\UATData\D9F8C395-CAB8-491d-B8AC-179A1FE1BE77, MSYSTEM_CARCH=x86_64, =D:=D:\Gitrepos\currapp, TEMP=C:\Users\200010~1\AppData\Local\Temp, HOSTNAME=LTCH-5CD1496JJP, HOMEDRIVE=C:, USERPROFILE=C:\Users\2000108800, TMP=C:\Users\200010~1\AppData\Local\Temp, NUMBER_OF_PROCESSORS=8, HOME=C:\Users\2000108800, PKG_CONFIG_SYSTEM_LIBRARY_PATH=C:/Programs/Git/mingw64/lib}}]
16:59:27.450 [main] DEBUG org.springframework.core.io.support.PathMatchingResourcePatternResolver - Resolved classpath location [com/rautomates/cc/currencyconversion/] to resources [URL [file:/D:/Gitrepos/currapp/target/test-classes/com/rautomates/cc/currencyconversion/]]
16:59:27.451 [main] DEBUG org.springframework.core.io.support.PathMatchingResourcePatternResolver - Looking for matching resources in directory tree [D:\Gitrepos\currapp\target\test-classes\com\rautomates\cc\currencyconversion]
16:59:27.452 [main] DEBUG org.springframework.core.io.support.PathMatchingResourcePatternResolver - Searching directory [D:\Gitrepos\currapp\target\test-classes\com\rautomates\cc\currencyconversion] for files matching pattern [D:/Gitrepos/currapp/target/test-classes/com/rautomates/cc/currencyconversion/*.class]
16:59:27.470 [main] DEBUG org.springframework.core.io.support.PathMatchingResourcePatternResolver - Resolved location pattern [classpath*:com/rautomates/cc/currencyconversion/*.class] to resources [file [D:\Gitrepos\currapp\target\test-classes\com\rautomates\cc\currencyconversion\CurrencyConversionApplicationTests.class]]
16:59:27.802 [main] DEBUG org.springframework.core.io.support.PathMatchingResourcePatternResolver - Resolved classpath location [com/rautomates/cc/] to resources [URL [file:/D:/Gitrepos/currapp/target/test-classes/com/rautomates/cc/], URL [file:/D:/Gitrepos/currapp/target/classes/com/rautomates/cc/]]
16:59:27.803 [main] DEBUG org.springframework.core.io.support.PathMatchingResourcePatternResolver - Looking for matching resources in directory tree [D:\Gitrepos\currapp\target\test-classes\com\rautomates\cc]
16:59:27.803 [main] DEBUG org.springframework.core.io.support.PathMatchingResourcePatternResolver - Searching directory [D:\Gitrepos\currapp\target\test-classes\com\rautomates\cc] for files matching pattern [D:/Gitrepos/currapp/target/test-classes/com/rautomates/cc/*.class]
16:59:27.809 [main] DEBUG org.springframework.core.io.support.PathMatchingResourcePatternResolver - Looking for matching resources in directory tree [D:\Gitrepos\currapp\target\classes\com\rautomates\cc]
16:59:27.810 [main] DEBUG org.springframework.core.io.support.PathMatchingResourcePatternResolver - Searching directory [D:\Gitrepos\currapp\target\classes\com\rautomates\cc] for files matching pattern [D:/Gitrepos/currapp/target/classes/com/rautomates/cc/*.class]
16:59:27.818 [main] DEBUG org.springframework.core.io.support.PathMatchingResourcePatternResolver - Resolved location pattern [classpath*:com/rautomates/cc/*.class] to resources [file [D:\Gitrepos\currapp\target\classes\com\rautomates\cc\Application.class]]
16:59:28.100 [main] DEBUG org.springframework.context.annotation.ClassPathScanningCandidateComponentProvider - Identified candidate component class: file [D:\Gitrepos\currapp\target\classes\com\rautomates\cc\Application.class]
16:59:28.117 [main] INFO org.springframework.boot.test.context.SpringBootTestContextBootstrapper - Found @SpringBootConfiguration com.rautomates.cc.Application for test class com.rautomates.cc.currencyconversion.CurrencyConversionApplicationTests
16:59:28.151 [main] DEBUG org.springframework.boot.test.context.SpringBootTestContextBootstrapper - @TestExecutionListeners is not present for class [com.rautomates.cc.currencyconversion.CurrencyConversionApplicationTests]: using defaults.
16:59:28.182 [main] INFO org.springframework.boot.test.context.SpringBootTestContextBootstrapper - Loaded default TestExecutionListener class names from location [META-INF/spring.factories]: [org.springframework.boot.test.mock.mockito.MockitoTestExecutionListener, org.springframework.boot.test.mock.mockito.ResetMocksTestExecutionListener, org.springframework.boot.test.autoconfigure.restdocs.RestDocsTestExecutionListener, org.springframework.boot.test.autoconfigure.web.client.MockRestServiceServerResetTestExecutionListener, org.springframework.boot.test.autoconfigure.web.servlet.MockMvcPrintOnlyOnFailureTestExecutionListener, org.springframework.boot.test.autoconfigure.web.servlet.WebDriverTestExecutionListener, org.springframework.test.context.web.ServletTestExecutionListener, org.springframework.test.context.support.DirtiesContextBeforeModesTestExecutionListener, org.springframework.test.context.support.DependencyInjectionTestExecutionListener, org.springframework.test.context.support.DirtiesContextTestExecutionListener, org.springframework.test.context.transaction.TransactionalTestExecutionListener, org.springframework.test.context.jdbc.SqlScriptsTestExecutionListener]
16:59:28.328 [main] INFO org.springframework.boot.test.context.SpringBootTestContextBootstrapper - Could not instantiate TestExecutionListener [org.springframework.test.context.jdbc.SqlScriptsTestExecutionListener]. Specify custom listener classes or make the default listener classes (and their required dependencies) available. Offending class: [org/springframework/transaction/interceptor/TransactionAttribute]
16:59:28.355 [main] INFO org.springframework.boot.test.context.SpringBootTestContextBootstrapper - Could not instantiate TestExecutionListener [org.springframework.test.context.transaction.TransactionalTestExecutionListener]. Specify custom listener classes or make the default listener classes (and their required dependencies) available. Offending class: [org/springframework/transaction/interceptor/TransactionAttributeSource]
16:59:28.370 [main] INFO org.springframework.boot.test.context.SpringBootTestContextBootstrapper - Using TestExecutionListeners: [org.springframework.test.context.web.ServletTestExecutionListener@6bc28a83, org.springframework.test.context.support.DirtiesContextBeforeModesTestExecutionListener@324c64cd, org.springframework.boot.test.autoconfigure.SpringBootDependencyInjectionTestExecutionListener@13579834, org.springframework.test.context.support.DirtiesContextTestExecutionListener@24be2d9c, org.springframework.boot.test.autoconfigure.web.client.MockRestServiceServerResetTestExecutionListener@5bd73d1a, org.springframework.boot.test.mock.mockito.ResetMocksTestExecutionListener@aec50a1, org.springframework.boot.test.autoconfigure.web.servlet.MockMvcPrintOnlyOnFailureTestExecutionListener@2555fff0, org.springframework.boot.test.autoconfigure.restdocs.RestDocsTestExecutionListener@70d2e40b, org.springframework.boot.test.mock.mockito.MockitoTestExecutionListener@120f38e6, org.springframework.boot.test.autoconfigure.web.servlet.WebDriverTestExecutionListener@7a0e1b5e]
16:59:28.384 [main] DEBUG org.springframework.test.annotation.ProfileValueUtils - Retrieved @ProfileValueSourceConfiguration [null] for test class [com.rautomates.cc.currencyconversion.CurrencyConversionApplicationTests]
16:59:28.386 [main] DEBUG org.springframework.test.annotation.ProfileValueUtils - Retrieved ProfileValueSource type [class org.springframework.test.annotation.SystemProfileValueSource] for class [com.rautomates.cc.currencyconversion.CurrencyConversionApplicationTests]
16:59:28.396 [main] DEBUG org.springframework.test.annotation.ProfileValueUtils - Retrieved @ProfileValueSourceConfiguration [null] for test class [com.rautomates.cc.currencyconversion.CurrencyConversionApplicationTests]
16:59:28.400 [main] DEBUG org.springframework.test.annotation.ProfileValueUtils - Retrieved ProfileValueSource type [class org.springframework.test.annotation.SystemProfileValueSource] for class [com.rautomates.cc.currencyconversion.CurrencyConversionApplicationTests]
16:59:28.406 [main] DEBUG org.springframework.test.annotation.ProfileValueUtils - Retrieved @ProfileValueSourceConfiguration [null] for test class [com.rautomates.cc.currencyconversion.CurrencyConversionApplicationTests]
16:59:28.408 [main] DEBUG org.springframework.test.annotation.ProfileValueUtils - Retrieved ProfileValueSource type [class org.springframework.test.annotation.SystemProfileValueSource] for class [com.rautomates.cc.currencyconversion.CurrencyConversionApplicationTests]
16:59:28.457 [main] DEBUG org.springframework.test.context.support.AbstractDirtiesContextTestExecutionListener - Before test class: context [DefaultTestContext@133e019b testClass = CurrencyConversionApplicationTests, testInstance = [null], testMethod = [null], testException = [null], mergedContextConfiguration = [WebMergedContextConfiguration@41382722 testClass = CurrencyConversionApplicationTests, locations = '{}', classes = '{class com.rautomates.cc.Application}', contextInitializerClasses = '[]', activeProfiles = '{}', propertySourceLocations = '{}', propertySourceProperties = '{org.springframework.boot.test.context.SpringBootTestContextBootstrapper=true}', contextCustomizers = set[org.springframework.boot.test.context.SpringBootTestContextCustomizer@3724af13, org.springframework.boot.test.context.filter.ExcludeFilterContextCustomizer@2320fa6f, org.springframework.boot.test.json.DuplicateJsonObjectContextCustomizerFactory$DuplicateJsonObjectContextCustomizer@fcb4004, org.springframework.boot.test.mock.mockito.MockitoContextCustomizer@0, org.springframework.boot.test.autoconfigure.properties.PropertyMappingContextCustomizer@0, org.springframework.boot.test.autoconfigure.web.servlet.WebDriverContextCustomizerFactory$Customizer@5f7b97da], resourceBasePath = 'src/main/webapp', contextLoader = 'org.springframework.boot.test.context.SpringBootContextLoader', parent = [null]]], class annotated with @DirtiesContext [false] with mode [null].
16:59:28.462 [main] DEBUG org.springframework.test.annotation.ProfileValueUtils - Retrieved @ProfileValueSourceConfiguration [null] for test class [com.rautomates.cc.currencyconversion.CurrencyConversionApplicationTests]
16:59:28.463 [main] DEBUG org.springframework.test.annotation.ProfileValueUtils - Retrieved ProfileValueSource type [class org.springframework.test.annotation.SystemProfileValueSource] for class [com.rautomates.cc.currencyconversion.CurrencyConversionApplicationTests]
16:59:28.967 [main] DEBUG org.springframework.core.env.StandardEnvironment - Adding PropertySource 'systemProperties' with lowest search precedence
16:59:28.968 [main] DEBUG org.springframework.core.env.StandardEnvironment - Adding PropertySource 'systemEnvironment' with lowest search precedence
16:59:28.970 [main] DEBUG org.springframework.core.env.StandardEnvironment - Initialized StandardEnvironment with PropertySources [MapPropertySource@843686350 {name='systemProperties', properties={java.specification.version=17, sun.cpu.isalist=amd64, sun.jnu.encoding=Cp1252, java.class.path=D:\Gitrepos\currapp\target\test-classes;D:\Gitrepos\currapp\target\classes;C:\Users\2000108800\.m2\repository\org\springframework\boot\spring-boot-starter-thymeleaf\1.5.9.RELEASE\spring-boot-starter-thymeleaf-1.5.9.RELEASE.jar;C:\Users\2000108800\.m2\repository\org\springframework\boot\spring-boot-starter\1.5.9.RELEASE\spring-boot-starter-1.5.9.RELEASE.jar;C:\Users\2000108800\.m2\repository\org\springframework\boot\spring-boot\1.5.9.RELEASE\spring-boot-1.5.9.RELEASE.jar;C:\Users\2000108800\.m2\repository\org\springframework\spring-context\4.3.13.RELEASE\spring-context-4.3.13.RELEASE.jar;C:\Users\2000108800\.m2\repository\org\springframework\boot\spring-boot-autoconfigure\1.5.9.RELEASE\spring-boot-autoconfigure-1.5.9.RELEASE.jar;C:\Users\2000108800\.m2\repository\org\springframework\boot\spring-boot-starter-logging\1.5.9.RELEASE\spring-boot-starter-logging-1.5.9.RELEASE.jar;C:\Users\2000108800\.m2\repository\ch\qos\logback\logback-classic\1.1.11\logback-classic-1.1.11.jar;C:\Users\2000108800\.m2\repository\ch\qos\logback\logback-core\1.1.11\logback-core-1.1.11.jar;C:\Users\2000108800\.m2\repository\org\slf4j\jcl-over-slf4j\1.7.25\jcl-over-slf4j-1.7.25.jar;C:\Users\2000108800\.m2\repository\org\slf4j\jul-to-slf4j\1.7.25\jul-to-slf4j-1.7.25.jar;C:\Users\2000108800\.m2\repository\org\slf4j\log4j-over-slf4j\1.7.25\log4j-over-slf4j-1.7.25.jar;C:\Users\2000108800\.m2\repository\org\yaml\snakeyaml\1.17\snakeyaml-1.17.jar;C:\Users\2000108800\.m2\repository\org\springframework\boot\spring-boot-starter-web\1.5.9.RELEASE\spring-boot-starter-web-1.5.9.RELEASE.jar;C:\Users\2000108800\.m2\repository\org\hibernate\hibernate-validator\5.3.6.Final\hibernate-validator-5.3.6.Final.jar;C:\Users\2000108800\.m2\repository\javax\validation\validation-api\1.1.0.Final\validation-api-1.1.0.Final.jar;C:\Users\2000108800\.m2\repository\org\jboss\logging\jboss-logging\3.3.1.Final\jboss-logging-3.3.1.Final.jar;C:\Users\2000108800\.m2\repository\com\fasterxml\classmate\1.3.4\classmate-1.3.4.jar;C:\Users\2000108800\.m2\repository\com\fasterxml\jackson\core\jackson-databind\2.8.10\jackson-databind-2.8.10.jar;C:\Users\2000108800\.m2\repository\com\fasterxml\jackson\core\jackson-annotations\2.8.0\jackson-annotations-2.8.0.jar;C:\Users\2000108800\.m2\repository\com\fasterxml\jackson\core\jackson-core\2.8.10\jackson-core-2.8.10.jar;C:\Users\2000108800\.m2\repository\org\springframework\spring-web\4.3.13.RELEASE\spring-web-4.3.13.RELEASE.jar;C:\Users\2000108800\.m2\repository\org\springframework\spring-aop\4.3.13.RELEASE\spring-aop-4.3.13.RELEASE.jar;C:\Users\2000108800\.m2\repository\org\springframework\spring-beans\4.3.13.RELEASE\spring-beans-4.3.13.RELEASE.jar;C:\Users\2000108800\.m2\repository\org\springframework\spring-webmvc\4.3.13.RELEASE\spring-webmvc-4.3.13.RELEASE.jar;C:\Users\2000108800\.m2\repository\org\springframework\spring-expression\4.3.13.RELEASE\spring-expression-4.3.13.RELEASE.jar;C:\Users\2000108800\.m2\repository\org\thymeleaf\thymeleaf-spring4\2.1.6.RELEASE\thymeleaf-spring4-2.1.6.RELEASE.jar;C:\Users\2000108800\.m2\repository\org\thymeleaf\thymeleaf\2.1.6.RELEASE\thymeleaf-2.1.6.RELEASE.jar;C:\Users\2000108800\.m2\repository\ognl\ognl\3.0.8\ognl-3.0.8.jar;C:\Users\2000108800\.m2\repository\org\javassist\javassist\3.21.0-GA\javassist-3.21.0-GA.jar;C:\Users\2000108800\.m2\repository\org\unbescape\unbescape\1.1.0.RELEASE\unbescape-1.1.0.RELEASE.jar;C:\Users\2000108800\.m2\repository\org\slf4j\slf4j-api\1.7.25\slf4j-api-1.7.25.jar;C:\Users\2000108800\.m2\repository\nz\net\ultraq\thymeleaf\thymeleaf-layout-dialect\1.4.0\thymeleaf-layout-dialect-1.4.0.jar;C:\Users\2000108800\.m2\repository\org\codehaus\groovy\groovy\2.4.13\groovy-2.4.13.jar;C:\Users\2000108800\.m2\repository\org\springframework\boot\spring-boot-starter-test\1.5.9.RELEASE\spring-boot-starter-test-1.5.9.RELEASE.jar;C:\Users\2000108800\.m2\repository\org\springframework\boot\spring-boot-test\1.5.9.RELEASE\spring-boot-test-1.5.9.RELEASE.jar;C:\Users\2000108800\.m2\repository\org\springframework\boot\spring-boot-test-autoconfigure\1.5.9.RELEASE\spring-boot-test-autoconfigure-1.5.9.RELEASE.jar;C:\Users\2000108800\.m2\repository\com\jayway\jsonpath\json-path\2.2.0\json-path-2.2.0.jar;C:\Users\2000108800\.m2\repository\net\minidev\json-smart\2.2.1\json-smart-2.2.1.jar;C:\Users\2000108800\.m2\repository\net\minidev\accessors-smart\1.1\accessors-smart-1.1.jar;C:\Users\2000108800\.m2\repository\junit\junit\4.12\junit-4.12.jar;C:\Users\2000108800\.m2\repository\org\assertj\assertj-core\2.6.0\assertj-core-2.6.0.jar;C:\Users\2000108800\.m2\repository\org\mockito\mockito-core\1.10.19\mockito-core-1.10.19.jar;C:\Users\2000108800\.m2\repository\org\objenesis\objenesis\2.1\objenesis-2.1.jar;C:\Users\2000108800\.m2\repository\org\hamcrest\hamcrest-core\1.3\hamcrest-core-1.3.jar;C:\Users\2000108800\.m2\repository\org\hamcrest\hamcrest-library\1.3\hamcrest-library-1.3.jar;C:\Users\2000108800\.m2\repository\org\skyscreamer\jsonassert\1.4.0\jsonassert-1.4.0.jar;C:\Users\2000108800\.m2\repository\com\vaadin\external\google\android-json\0.0.20131108.vaadin1\android-json-0.0.20131108.vaadin1.jar;C:\Users\2000108800\.m2\repository\org\springframework\spring-core\4.3.13.RELEASE\spring-core-4.3.13.RELEASE.jar;C:\Users\2000108800\.m2\repository\org\springframework\spring-test\4.3.13.RELEASE\spring-test-4.3.13.RELEASE.jar;C:\Users\2000108800\.m2\repository\com\google\code\gson\gson\2.8.2\gson-2.8.2.jar;C:\Users\2000108800\.m2\repository\com\google\guava\guava\23.5-jre\guava-23.5-jre.jar;C:\Users\2000108800\.m2\repository\com\google\code\findbugs\jsr305\1.3.9\jsr305-1.3.9.jar;C:\Users\2000108800\.m2\repository\org\checkerframework\checker-qual\2.0.0\checker-qual-2.0.0.jar;C:\Users\2000108800\.m2\repository\com\google\errorprone\error_prone_annotations\2.0.18\error_prone_annotations-2.0.18.jar;C:\Users\2000108800\.m2\repository\com\google\j2objc\j2objc-annotations\1.1\j2objc-annotations-1.1.jar;C:\Users\2000108800\.m2\repository\org\codehaus\mojo\animal-sniffer-annotations\1.14\animal-sniffer-annotations-1.14.jar;C:\Users\2000108800\.m2\repository\org\webjars\bootstrap\3.3.6\bootstrap-3.3.6.jar;C:\Users\2000108800\.m2\repository\org\webjars\jquery\2.1.4\jquery-2.1.4.jar;C:\Users\2000108800\.m2\repository\org\springframework\boot\spring-boot-starter-tomcat\1.5.9.RELEASE\spring-boot-starter-tomcat-1.5.9.RELEASE.jar;C:\Users\2000108800\.m2\repository\org\apache\tomcat\embed\tomcat-embed-core\8.5.23\tomcat-embed-core-8.5.23.jar;C:\Users\2000108800\.m2\repository\org\apache\tomcat\tomcat-annotations-api\8.5.23\tomcat-annotations-api-8.5.23.jar;C:\Users\2000108800\.m2\repository\org\apache\tomcat\embed\tomcat-embed-el\8.5.23\tomcat-embed-el-8.5.23.jar;C:\Users\2000108800\.m2\repository\org\apache\tomcat\embed\tomcat-embed-websocket\8.5.23\tomcat-embed-websocket-8.5.23.jar;C:\Users\2000108800\.m2\repository\org\jacoco\jacoco-maven-plugin\0.8.11\jacoco-maven-plugin-0.8.11.jar;C:\Users\2000108800\.m2\repository\org\codehaus\plexus\plexus-utils\3.0.24\plexus-utils-3.0.24.jar;C:\Users\2000108800\.m2\repository\org\apache\maven\shared\file-management\3.1.0\file-management-3.1.0.jar;C:\Users\2000108800\.m2\repository\commons-io\commons-io\2.11.0\commons-io-2.11.0.jar;C:\Users\2000108800\.m2\repository\org\apache\maven\reporting\maven-reporting-api\3.0\maven-reporting-api-3.0.jar;C:\Users\2000108800\.m2\repository\org\apache\maven\doxia\doxia-sink-api\1.0\doxia-sink-api-1.0.jar;C:\Users\2000108800\.m2\repository\org\jacoco\org.jacoco.agent\0.8.11\org.jacoco.agent-0.8.11-runtime.jar;C:\Users\2000108800\.m2\repository\org\jacoco\org.jacoco.core\0.8.11\org.jacoco.core-0.8.11.jar;C:\Users\2000108800\.m2\repository\org\ow2\asm\asm\9.6\asm-9.6.jar;C:\Users\2000108800\.m2\repository\org\ow2\asm\asm-commons\9.6\asm-commons-9.6.jar;C:\Users\2000108800\.m2\repository\org\ow2\asm\asm-tree\9.6\asm-tree-9.6.jar;C:\Users\2000108800\.m2\repository\org\jacoco\org.jacoco.report\0.8.11\org.jacoco.report-0.8.11.jar;, java.vm.vendor=OpenLogic, sun.arch.data.model=64, user.variant=, java.vendor.url=https://openlogic.com/, user.timezone=Asia/Calcutta, java.vm.specification.version=17, os.name=Windows 11, sun.java.launcher=SUN_STANDARD, user.country=US, sun.boot.library.path=C:\Program Files\OpenLogic\jdk-17.0.16.8-hotspot\bin, sun.java.command=C:\Users\2000108800\AppData\Local\Temp\surefire1981142878354948240\surefirebooter-20250819165922751_3.jar C:\Users\2000108800\AppData\Local\Temp\surefire1981142878354948240 2025-08-19T16-59-21_974-jvmRun1 surefire-20250819165922751_1tmp surefire_0-20250819165922751_2tmp, jdk.debug=release, surefire.test.class.path=D:\Gitrepos\currapp\target\test-classes;D:\Gitrepos\currapp\target\classes;C:\Users\2000108800\.m2\repository\org\springframework\boot\spring-boot-starter-thymeleaf\1.5.9.RELEASE\spring-boot-starter-thymeleaf-1.5.9.RELEASE.jar;C:\Users\2000108800\.m2\repository\org\springframework\boot\spring-boot-starter\1.5.9.RELEASE\spring-boot-starter-1.5.9.RELEASE.jar;C:\Users\2000108800\.m2\repository\org\springframework\boot\spring-boot\1.5.9.RELEASE\spring-boot-1.5.9.RELEASE.jar;C:\Users\2000108800\.m2\repository\org\springframework\spring-context\4.3.13.RELEASE\spring-context-4.3.13.RELEASE.jar;C:\Users\2000108800\.m2\repository\org\springframework\boot\spring-boot-autoconfigure\1.5.9.RELEASE\spring-boot-autoconfigure-1.5.9.RELEASE.jar;C:\Users\2000108800\.m2\repository\org\springframework\boot\spring-boot-starter-logging\1.5.9.RELEASE\spring-boot-starter-logging-1.5.9.RELEASE.jar;C:\Users\2000108800\.m2\repository\ch\qos\logback\logback-classic\1.1.11\logback-classic-1.1.11.jar;C:\Users\2000108800\.m2\repository\ch\qos\logback\logback-core\1.1.11\logback-core-1.1.11.jar;C:\Users\2000108800\.m2\repository\org\slf4j\jcl-over-slf4j\1.7.25\jcl-over-slf4j-1.7.25.jar;C:\Users\2000108800\.m2\repository\org\slf4j\jul-to-slf4j\1.7.25\jul-to-slf4j-1.7.25.jar;C:\Users\2000108800\.m2\repository\org\slf4j\log4j-over-slf4j\1.7.25\log4j-over-slf4j-1.7.25.jar;C:\Users\2000108800\.m2\repository\org\yaml\snakeyaml\1.17\snakeyaml-1.17.jar;C:\Users\2000108800\.m2\repository\org\springframework\boot\spring-boot-starter-web\1.5.9.RELEASE\spring-boot-starter-web-1.5.9.RELEASE.jar;C:\Users\2000108800\.m2\repository\org\hibernate\hibernate-validator\5.3.6.Final\hibernate-validator-5.3.6.Final.jar;C:\Users\2000108800\.m2\repository\javax\validation\validation-api\1.1.0.Final\validation-api-1.1.0.Final.jar;C:\Users\2000108800\.m2\repository\org\jboss\logging\jboss-logging\3.3.1.Final\jboss-logging-3.3.1.Final.jar;C:\Users\2000108800\.m2\repository\com\fasterxml\classmate\1.3.4\classmate-1.3.4.jar;C:\Users\2000108800\.m2\repository\com\fasterxml\jackson\core\jackson-databind\2.8.10\jackson-databind-2.8.10.jar;C:\Users\2000108800\.m2\repository\com\fasterxml\jackson\core\jackson-annotations\2.8.0\jackson-annotations-2.8.0.jar;C:\Users\2000108800\.m2\repository\com\fasterxml\jackson\core\jackson-core\2.8.10\jackson-core-2.8.10.jar;C:\Users\2000108800\.m2\repository\org\springframework\spring-web\4.3.13.RELEASE\spring-web-4.3.13.RELEASE.jar;C:\Users\2000108800\.m2\repository\org\springframework\spring-aop\4.3.13.RELEASE\spring-aop-4.3.13.RELEASE.jar;C:\Users\2000108800\.m2\repository\org\springframework\spring-beans\4.3.13.RELEASE\spring-beans-4.3.13.RELEASE.jar;C:\Users\2000108800\.m2\repository\org\springframework\spring-webmvc\4.3.13.RELEASE\spring-webmvc-4.3.13.RELEASE.jar;C:\Users\2000108800\.m2\repository\org\springframework\spring-expression\4.3.13.RELEASE\spring-expression-4.3.13.RELEASE.jar;C:\Users\2000108800\.m2\repository\org\thymeleaf\thymeleaf-spring4\2.1.6.RELEASE\thymeleaf-spring4-2.1.6.RELEASE.jar;C:\Users\2000108800\.m2\repository\org\thymeleaf\thymeleaf\2.1.6.RELEASE\thymeleaf-2.1.6.RELEASE.jar;C:\Users\2000108800\.m2\repository\ognl\ognl\3.0.8\ognl-3.0.8.jar;C:\Users\2000108800\.m2\repository\org\javassist\javassist\3.21.0-GA\javassist-3.21.0-GA.jar;C:\Users\2000108800\.m2\repository\org\unbescape\unbescape\1.1.0.RELEASE\unbescape-1.1.0.RELEASE.jar;C:\Users\2000108800\.m2\repository\org\slf4j\slf4j-api\1.7.25\slf4j-api-1.7.25.jar;C:\Users\2000108800\.m2\repository\nz\net\ultraq\thymeleaf\thymeleaf-layout-dialect\1.4.0\thymeleaf-layout-dialect-1.4.0.jar;C:\Users\2000108800\.m2\repository\org\codehaus\groovy\groovy\2.4.13\groovy-2.4.13.jar;C:\Users\2000108800\.m2\repository\org\springframework\boot\spring-boot-starter-test\1.5.9.RELEASE\spring-boot-starter-test-1.5.9.RELEASE.jar;C:\Users\2000108800\.m2\repository\org\springframework\boot\spring-boot-test\1.5.9.RELEASE\spring-boot-test-1.5.9.RELEASE.jar;C:\Users\2000108800\.m2\repository\org\springframework\boot\spring-boot-test-autoconfigure\1.5.9.RELEASE\spring-boot-test-autoconfigure-1.5.9.RELEASE.jar;C:\Users\2000108800\.m2\repository\com\jayway\jsonpath\json-path\2.2.0\json-path-2.2.0.jar;C:\Users\2000108800\.m2\repository\net\minidev\json-smart\2.2.1\json-smart-2.2.1.jar;C:\Users\2000108800\.m2\repository\net\minidev\accessors-smart\1.1\accessors-smart-1.1.jar;C:\Users\2000108800\.m2\repository\junit\junit\4.12\junit-4.12.jar;C:\Users\2000108800\.m2\repository\org\assertj\assertj-core\2.6.0\assertj-core-2.6.0.jar;C:\Users\2000108800\.m2\repository\org\mockito\mockito-core\1.10.19\mockito-core-1.10.19.jar;C:\Users\2000108800\.m2\repository\org\objenesis\objenesis\2.1\objenesis-2.1.jar;C:\Users\2000108800\.m2\repository\org\hamcrest\hamcrest-core\1.3\hamcrest-core-1.3.jar;C:\Users\2000108800\.m2\repository\org\hamcrest\hamcrest-library\1.3\hamcrest-library-1.3.jar;C:\Users\2000108800\.m2\repository\org\skyscreamer\jsonassert\1.4.0\jsonassert-1.4.0.jar;C:\Users\2000108800\.m2\repository\com\vaadin\external\google\android-json\0.0.20131108.vaadin1\android-json-0.0.20131108.vaadin1.jar;C:\Users\2000108800\.m2\repository\org\springframework\spring-core\4.3.13.RELEASE\spring-core-4.3.13.RELEASE.jar;C:\Users\2000108800\.m2\repository\org\springframework\spring-test\4.3.13.RELEASE\spring-test-4.3.13.RELEASE.jar;C:\Users\2000108800\.m2\repository\com\google\code\gson\gson\2.8.2\gson-2.8.2.jar;C:\Users\2000108800\.m2\repository\com\google\guava\guava\23.5-jre\guava-23.5-jre.jar;C:\Users\2000108800\.m2\repository\com\google\code\findbugs\jsr305\1.3.9\jsr305-1.3.9.jar;C:\Users\2000108800\.m2\repository\org\checkerframework\checker-qual\2.0.0\checker-qual-2.0.0.jar;C:\Users\2000108800\.m2\repository\com\google\errorprone\error_prone_annotations\2.0.18\error_prone_annotations-2.0.18.jar;C:\Users\2000108800\.m2\repository\com\google\j2objc\j2objc-annotations\1.1\j2objc-annotations-1.1.jar;C:\Users\2000108800\.m2\repository\org\codehaus\mojo\animal-sniffer-annotations\1.14\animal-sniffer-annotations-1.14.jar;C:\Users\2000108800\.m2\repository\org\webjars\bootstrap\3.3.6\bootstrap-3.3.6.jar;C:\Users\2000108800\.m2\repository\org\webjars\jquery\2.1.4\jquery-2.1.4.jar;C:\Users\2000108800\.m2\repository\org\springframework\boot\spring-boot-starter-tomcat\1.5.9.RELEASE\spring-boot-starter-tomcat-1.5.9.RELEASE.jar;C:\Users\2000108800\.m2\repository\org\apache\tomcat\embed\tomcat-embed-core\8.5.23\tomcat-embed-core-8.5.23.jar;C:\Users\2000108800\.m2\repository\org\apache\tomcat\tomcat-annotations-api\8.5.23\tomcat-annotations-api-8.5.23.jar;C:\Users\2000108800\.m2\repository\org\apache\tomcat\embed\tomcat-embed-el\8.5.23\tomcat-embed-el-8.5.23.jar;C:\Users\2000108800\.m2\repository\org\apache\tomcat\embed\tomcat-embed-websocket\8.5.23\tomcat-embed-websocket-8.5.23.jar;C:\Users\2000108800\.m2\repository\org\jacoco\jacoco-maven-plugin\0.8.11\jacoco-maven-plugin-0.8.11.jar;C:\Users\2000108800\.m2\repository\org\codehaus\plexus\plexus-utils\3.0.24\plexus-utils-3.0.24.jar;C:\Users\2000108800\.m2\repository\org\apache\maven\shared\file-management\3.1.0\file-management-3.1.0.jar;C:\Users\2000108800\.m2\repository\commons-io\commons-io\2.11.0\commons-io-2.11.0.jar;C:\Users\2000108800\.m2\repository\org\apache\maven\reporting\maven-reporting-api\3.0\maven-reporting-api-3.0.jar;C:\Users\2000108800\.m2\repository\org\apache\maven\doxia\doxia-sink-api\1.0\doxia-sink-api-1.0.jar;C:\Users\2000108800\.m2\repository\org\jacoco\org.jacoco.agent\0.8.11\org.jacoco.agent-0.8.11-runtime.jar;C:\Users\2000108800\.m2\repository\org\jacoco\org.jacoco.core\0.8.11\org.jacoco.core-0.8.11.jar;C:\Users\2000108800\.m2\repository\org\ow2\asm\asm\9.6\asm-9.6.jar;C:\Users\2000108800\.m2\repository\org\ow2\asm\asm-commons\9.6\asm-commons-9.6.jar;C:\Users\2000108800\.m2\repository\org\ow2\asm\asm-tree\9.6\asm-tree-9.6.jar;C:\Users\2000108800\.m2\repository\org\jacoco\org.jacoco.report\0.8.11\org.jacoco.report-0.8.11.jar;, sun.cpu.endian=little, user.home=C:\Users\2000108800, user.language=en, java.specification.vendor=Oracle Corporation, java.version.date=2025-07-15, java.home=C:\Program Files\OpenLogic\jdk-17.0.16.8-hotspot, file.separator=\, basedir=D:\Gitrepos\currapp, java.vm.compressedOopsMode=Zero based, line.separator=
, java.vm.specification.vendor=Oracle Corporation, java.specification.name=Java Platform API Specification, surefire.real.class.path=C:\Users\2000108800\AppData\Local\Temp\surefire1981142878354948240\surefirebooter-20250819165922751_3.jar, user.script=, sun.management.compiler=HotSpot 64-Bit Tiered Compilers, java.runtime.version=17.0.16+8-adhoc..jdk17u, user.name=2000108800, path.separator=;, os.version=10.0, java.runtime.name=OpenJDK Runtime Environment, file.encoding=Cp1252, java.vm.name=OpenJDK 64-Bit Server VM, java.vendor.version=OpenLogic-OpenJDK, localRepository=C:\Users\2000108800\.m2\repository, java.vendor.url.bug=https://techsupport.roguewave.com/, java.io.tmpdir=C:\Users\200010~1\AppData\Local\Temp\, java.version=17.0.16, user.dir=D:\Gitrepos\currapp, os.arch=amd64, java.vm.specification.name=Java Virtual Machine Specification, sun.os.patch.level=, native.encoding=Cp1252, java.library.path=C:\Program Files\OpenLogic\jdk-17.0.16.8-hotspot\bin;C:\WINDOWS\Sun\Java\bin;C:\WINDOWS\system32;C:\WINDOWS;C:\Users\2000108800\bin;C:\Programs\Git\mingw64\bin;C:\Programs\Git\usr\local\bin;C:\Programs\Git\usr\bin;C:\Programs\Git\usr\bin;C:\Programs\Git\mingw64\bin;C:\Programs\Git\usr\bin;C:\Users\2000108800\bin;C:\Program Files\OpenLogic\jdk-17.0.16.8-hotspot\bin;C:\WINDOWS\system32;C:\WINDOWS;C:\WINDOWS\System32\Wbem;C:\WINDOWS\System32\WindowsPowerShell\v1.0;C:\WINDOWS\System32\OpenSSH;C:\Programs\apache-maven-3.9.11\bin;C:\Users\2000108800\AppData\Local\Microsoft\WindowsApps;C:\Programs\Git\cmd;C:\Programs\Git\usr\bin\vendor_perl;C:\Programs\Git\usr\bin\core_perl;., java.vm.info=mixed mode, sharing, java.vendor=OpenLogic, java.vm.version=17.0.16+8-adhoc..jdk17u, java.specification.maintenance.version=1, sun.io.unicode.encoding=UnicodeLittle, java.class.version=61.0}}, SystemEnvironmentPropertySource@1306085976 {name='systemEnvironment', properties={PATH=C:\Users\2000108800\bin;C:\Programs\Git\mingw64\bin;C:\Programs\Git\usr\local\bin;C:\Programs\Git\usr\bin;C:\Programs\Git\usr\bin;C:\Programs\Git\mingw64\bin;C:\Programs\Git\usr\bin;C:\Users\2000108800\bin;C:\Program Files\OpenLogic\jdk-17.0.16.8-hotspot\bin;C:\WINDOWS\system32;C:\WINDOWS;C:\WINDOWS\System32\Wbem;C:\WINDOWS\System32\WindowsPowerShell\v1.0;C:\WINDOWS\System32\OpenSSH;C:\Programs\apache-maven-3.9.11\bin;C:\Users\2000108800\AppData\Local\Microsoft\WindowsApps;C:\Programs\Git\cmd;C:\Programs\Git\usr\bin\vendor_perl;C:\Programs\Git\usr\bin\core_perl, USERDOMAIN_ROAMINGPROFILE=CORP, PKG_CONFIG_PATH=C:\Programs\Git\mingw64\lib\pkgconfig;C:\Programs\Git\mingw64\share\pkgconfig, MSYSTEM_PREFIX=C:/Programs/Git/mingw64, PROCESSOR_LEVEL=6, SYSTEMDRIVE=C:, CONFIG_SITE=C:/Programs/Git/etc/config.site, SESSIONNAME=Console, ALLUSERSPROFILE=C:\ProgramData, PROCESSOR_ARCHITECTURE=AMD64, DRIVERDATA=C:\Windows\System32\Drivers\DriverData, MSYSTEM_CHOST=x86_64-w64-mingw32, ORIGINAL_TEMP=C:/Users/200010~1/AppData/Local/Temp, PROGRAMFILES=C:\Program Files, __PSLOCKDOWNPOLICY=0, EFC_12800=1, PSMODULEPATH=C:\Program Files\WindowsPowerShell\Modules;C:\WINDOWS\system32\WindowsPowerShell\v1.0\Modules, PROGRAMDATA=C:\ProgramData, USERNAME=2000108800, USERDNSDOMAIN=CORP.HEXAWARE.COM, PWD=D:/Gitrepos/currapp, TERM_PROGRAM_VERSION=3.6.3, INFOPATH=C:\Programs\Git\mingw64\local\info;C:\Programs\Git\mingw64\share\info;C:\Programs\Git\usr\local\info;C:\Programs\Git\usr\share\info;C:\Programs\Git\usr\info;C:\Programs\Git\share\info, PKG_CONFIG_SYSTEM_INCLUDE_PATH=C:/Programs/Git/mingw64/include, FPS_BROWSER_USER_PROFILE_STRING=Default, ONEDRIVE=C:\Users\2000108800\OneDrive - Hexaware Technologies, PATHEXT=.COM;.EXE;.BAT;.CMD;.VBS;.VBE;.JS;.JSE;.WSF;.WSH;.MSC, SHELL=C:\Programs\Git\usr\bin\bash.exe, BPPDOMAIN_MANAGER_ASM=EdrDotNet, Version+158.0.0.0, Culture+neutral, PublicKeyToken+da1b3922653ea916, ORIGINAL_TMP=C:/Users/200010~1/AppData/Local/Temp, OLDPWD=D:/Gitrepos/currapp, TMPDIR=C:\Users\200010~1\AppData\Local\Temp, WINDIR=C:\WINDOWS, SSH_ASKPASS=C:/Programs/Git/mingw64/bin/git-askpass.exe, HOMEPATH=\Users\2000108800, PROCESSOR_IDENTIFIER=Intel64 Family 6 Model 140 Stepping 1, GenuineIntel, PUBLIC=C:\Users\Public, MINGW_CHOST=x86_64-w64-mingw32, LC_CTYPE=en_US.UTF-8, =::=::\, EXEPATH=C:\Programs\Git, SHLVL=1, ZES_ENABLE_SYSMAN=1, LOCALAPPDATA=C:\Users\2000108800\AppData\Local, ORIGINAL_PATH=C:\Programs\Git\mingw64\bin;C:\Programs\Git\usr\bin;C:\Users\2000108800\bin;C:\Program Files\OpenLogic\jdk-17.0.16.8-hotspot\bin;C:\WINDOWS\system32;C:\WINDOWS;C:\WINDOWS\System32\Wbem;C:\WINDOWS\System32\WindowsPowerShell\v1.0;C:\WINDOWS\System32\OpenSSH;C:\Programs\apache-maven-3.9.11\bin;C:\Users\2000108800\AppData\Local\Microsoft\WindowsApps;C:\Programs\Git\cmd, MANPATH=C:\Programs\Git\mingw64\local\man;C:\Programs\Git\mingw64\share\man;C:\Programs\Git\usr\local\man;C:\Programs\Git\usr\share\man;C:\Programs\Git\usr\man;C:\Programs\Git\share\man, COMMONPROGRAMFILES(X86)=C:\Program Files (x86)\Common Files, MINGW_PACKAGE_PREFIX=mingw-w64-x86_64, USERDOMAIN=CORP, FPS_BROWSER_APP_PROFILE_STRING=Internet Explorer, LOGONSERVER=\\CCH1WPDC07, JAVA_HOME=C:/Program Files/OpenLogic/jdk-17.0.16.8-hotspot, PLINK_PROTOCOL=ssh, PROMPT=$P$G, PROGRAMFILES(X86)=C:\Program Files (x86), TERM=xterm, MINGW_PREFIX=C:/Programs/Git/mingw64, BPPDOMAIN_MANAGER_TYPE=EdrDotNet.EdrAppDomainManager, DISPLAY=needs-to-be-defined, MSYSTEM=MINGW64, APPDATA=C:\Users\2000108800\AppData\Roaming, PROGRAMW6432=C:\Program Files, SYSTEMROOT=C:\WINDOWS, MAVEN_CMD_LINE_ARGS= package, OS=Windows_NT, ONEDRIVECOMMERCIAL=C:\Users\2000108800\OneDrive - Hexaware Technologies, TERM_PROGRAM=mintty, COMMONPROGRAMW6432=C:\Program Files\Common Files, COMPUTERNAME=LTCH-5CD1496JJP, COMMONPROGRAMFILES=C:\Program Files\Common Files, COMSPEC=C:\WINDOWS\system32\cmd.exe, MAVEN_PROJECTBASEDIR=D:/Gitrepos/currapp, PROCESSOR_REVISION=8c01, ACLOCAL_PATH=C:\Programs\Git\mingw64\share\aclocal;C:\Programs\Git\usr\share\aclocal, UATDATA=C:\WINDOWS\CCM\UATData\D9F8C395-CAB8-491d-B8AC-179A1FE1BE77, MSYSTEM_CARCH=x86_64, =D:=D:\Gitrepos\currapp, TEMP=C:\Users\200010~1\AppData\Local\Temp, HOSTNAME=LTCH-5CD1496JJP, HOMEDRIVE=C:, USERPROFILE=C:\Users\2000108800, TMP=C:\Users\200010~1\AppData\Local\Temp, NUMBER_OF_PROCESSORS=8, HOME=C:\Users\2000108800, PKG_CONFIG_SYSTEM_LIBRARY_PATH=C:/Programs/Git/mingw64/lib}}]
16:59:28.983 [main] DEBUG org.springframework.core.env.MutablePropertySources - Adding PropertySource 'inline' with highest search precedence
16:59:29.012 [main] DEBUG org.springframework.test.context.support.TestPropertySourceUtils - Adding inlined properties to environment: {spring.jmx.enabled=false, org.springframework.boot.test.context.SpringBootTestContextBootstrapper=true, server.port=-1}
16:59:29.014 [main] DEBUG org.springframework.core.env.StandardEnvironment - Adding PropertySource 'Inlined Test Properties' with highest search precedence
2025-08-19 16:59:30.597  INFO 12828 --- [           main] r.c.c.CurrencyConversionApplicationTests : Starting CurrencyConversionApplicationTests on LTCH-5CD1496JJP with PID 12828 (started by 2000108800 in D:\Gitrepos\currapp)
2025-08-19 16:59:30.607  INFO 12828 --- [           main] r.c.c.CurrencyConversionApplicationTests : No active profile set, falling back to default profiles: default
2025-08-19 16:59:32.191  INFO 12828 --- [           main] o.s.w.c.s.GenericWebApplicationContext   : Refreshing org.springframework.web.context.support.GenericWebApplicationContext@1dbd580: startup date [Tue Aug 19 16:59:32 IST 2025]; root of context hierarchy
2025-08-19 16:59:39.655  INFO 12828 --- [           main] s.w.s.m.m.a.RequestMappingHandlerAdapter : Looking for @ControllerAdvice: org.springframework.web.context.support.GenericWebApplicationContext@1dbd580: startup date [Tue Aug 19 16:59:32 IST 2025]; root of context hierarchy
2025-08-19 16:59:40.165  INFO 12828 --- [           main] s.w.s.m.m.a.RequestMappingHandlerMapping : Mapped "{[/],methods=[GET]}" onto public org.springframework.web.servlet.ModelAndView com.rautomates.cc.controller.MainController.home()
2025-08-19 16:59:40.169  INFO 12828 --- [           main] s.w.s.m.m.a.RequestMappingHandlerMapping : Mapped "{[/convert],methods=[POST]}" onto public org.springframework.http.ResponseEntity<com.rautomates.cc.model.ResponseModel> com.rautomates.cc.controller.MainController.doConvert(com.rautomates.cc.model.ConverterModel,org.springframework.ui.Model,javax.servlet.http.HttpServletRequest)
2025-08-19 16:59:40.170  INFO 12828 --- [           main] s.w.s.m.m.a.RequestMappingHandlerMapping : Mapped "{[/converter],methods=[GET]}" onto public org.springframework.web.servlet.ModelAndView com.rautomates.cc.controller.MainController.converter(org.springframework.web.servlet.ModelAndView)
2025-08-19 16:59:40.171  INFO 12828 --- [           main] s.w.s.m.m.a.RequestMappingHandlerMapping : Mapped "{[/contact],methods=[GET]}" onto public org.springframework.web.servlet.ModelAndView com.rautomates.cc.controller.MainController.contact()
2025-08-19 16:59:40.176  INFO 12828 --- [           main] s.w.s.m.m.a.RequestMappingHandlerMapping : Mapped "{[/error]}" onto public org.springframework.http.ResponseEntity<java.util.Map<java.lang.String, java.lang.Object>> org.springframework.boot.autoconfigure.web.BasicErrorController.error(javax.servlet.http.HttpServletRequest)
2025-08-19 16:59:40.177  INFO 12828 --- [           main] s.w.s.m.m.a.RequestMappingHandlerMapping : Mapped "{[/error],produces=[text/html]}" onto public org.springframework.web.servlet.ModelAndView org.springframework.boot.autoconfigure.web.BasicErrorController.errorHtml(javax.servlet.http.HttpServletRequest,javax.servlet.http.HttpServletResponse)
2025-08-19 16:59:40.301  INFO 12828 --- [           main] o.s.w.s.handler.SimpleUrlHandlerMapping  : Mapped URL path [/webjars/**] onto handler of type [class org.springframework.web.servlet.resource.ResourceHttpRequestHandler]
2025-08-19 16:59:40.301  INFO 12828 --- [           main] o.s.w.s.handler.SimpleUrlHandlerMapping  : Mapped URL path [/**] onto handler of type [class org.springframework.web.servlet.resource.ResourceHttpRequestHandler]
2025-08-19 16:59:40.594  INFO 12828 --- [           main] o.s.w.s.handler.SimpleUrlHandlerMapping  : Mapped URL path [/**/favicon.ico] onto handler of type [class org.springframework.web.servlet.resource.ResourceHttpRequestHandler]
2025-08-19 16:59:43.545  INFO 12828 --- [           main] r.c.c.CurrencyConversionApplicationTests : Started CurrencyConversionApplicationTests in 14.463 seconds (JVM running for 19.854)
]]></system-out>
  </testcase>
</testsuite>